14:59:17.975 [main] INFO  com.zaxxer.hikari.HikariDataSource  - corona - Starting...
14:59:18.798 [main] ERROR com.zaxxer.hikari.pool.HikariPool  - corona - Exception during pool initialization.
org.postgresql.util.PSQLException: FATAL: database "postgresql" does not exist
	at org.postgresql.Driver$ConnectThread.getResult(Driver.java:409)
	at org.postgresql.Driver.connect(Driver.java:267)
	at java.sql/java.sql.DriverManager.getConnection(DriverManager.java:677)
	at java.sql/java.sql.DriverManager.getConnection(DriverManager.java:228)
	at org.postgresql.ds.common.BaseDataSource.getConnection(BaseDataSource.java:98)
	at com.zaxxer.hikari.pool.PoolBase.newConnection(PoolBase.java:353)
	at com.zaxxer.hikari.pool.PoolBase.newPoolEntry(PoolBase.java:201)
	at com.zaxxer.hikari.pool.HikariPool.createPoolEntry(HikariPool.java:473)
	at com.zaxxer.hikari.pool.HikariPool.checkFailFast(HikariPool.java:562)
	at com.zaxxer.hikari.pool.HikariPool.<init>(HikariPool.java:115)
	at com.zaxxer.hikari.HikariDataSource.<init>(HikariDataSource.java:81)
	at hikari_cp.core$make_datasource.invokeStatic(core.clj:267)
	at hikari_cp.core$make_datasource.invoke(core.clj:264)
	at coronavirus_scrapper_api.components.database$datasource.invokeStatic(database.clj:43)
	at coronavirus_scrapper_api.components.database$datasource.invoke(database.clj:41)
	at coronavirus_scrapper_api.components.database.DatabaseComponent.start(database.clj:49)
	at com.stuartsierra.component$fn__426$G__420__428.invoke(component.cljc:5)
	at com.stuartsierra.component$fn__426$G__419__431.invoke(component.cljc:5)
	at clojure.lang.AFn.applyToHelper(AFn.java:154)
	at clojure.lang.AFn.applyTo(AFn.java:144)
	at clojure.lang.Var.applyTo(Var.java:705)
	at clojure.core$apply.invokeStatic(core.clj:667)
	at clojure.core$apply.invoke(core.clj:660)
	at com.stuartsierra.component$try_action.invokeStatic(component.cljc:118)
	at com.stuartsierra.component$try_action.invoke(component.cljc:117)
	at com.stuartsierra.component$update_system$fn__485.invoke(component.cljc:140)
	at clojure.lang.ArraySeq.reduce(ArraySeq.java:116)
	at clojure.core$reduce.invokeStatic(core.clj:6827)
	at clojure.core$reduce.invoke(core.clj:6810)
	at com.stuartsierra.component$update_system.invokeStatic(component.cljc:136)
	at com.stuartsierra.component$update_system.doInvoke(component.cljc:130)
	at clojure.lang.RestFn.invoke(RestFn.java:445)
	at com.stuartsierra.component$start_system.invokeStatic(component.cljc:164)
	at com.stuartsierra.component$start_system.invoke(component.cljc:156)
	at com.stuartsierra.component$start_system.invokeStatic(component.cljc:162)
	at com.stuartsierra.component$start_system.invoke(component.cljc:156)
	at com.stuartsierra.component.SystemMap.start(component.cljc:179)
	at coronavirus_scrapper_api.components$create_prod_system_BANG_.invokeStatic(components.clj:50)
	at coronavirus_scrapper_api.components$create_prod_system_BANG_.invoke(components.clj:49)
	at coronavirus_scrapper_api.server$_main.invokeStatic(server.clj:15)
	at coronavirus_scrapper_api.server$_main.doInvoke(server.clj:11)
	at clojure.lang.RestFn.invoke(RestFn.java:397)
	at clojure.lang.Var.invoke(Var.java:380)
	at user$eval140.invokeStatic(form-init1999815047545643475.clj:1)
	at user$eval140.invoke(form-init1999815047545643475.clj:1)
	at clojure.lang.Compiler.eval(Compiler.java:7177)
	at clojure.lang.Compiler.eval(Compiler.java:7167)
	at clojure.lang.Compiler.load(Compiler.java:7636)
	at clojure.lang.Compiler.loadFile(Compiler.java:7574)
	at clojure.main$load_script.invokeStatic(main.clj:475)
	at clojure.main$init_opt.invokeStatic(main.clj:477)
	at clojure.main$init_opt.invoke(main.clj:477)
	at clojure.main$initialize.invokeStatic(main.clj:508)
	at clojure.main$null_opt.invokeStatic(main.clj:542)
	at clojure.main$null_opt.invoke(main.clj:539)
	at clojure.main$main.invokeStatic(main.clj:664)
	at clojure.main$main.doInvoke(main.clj:616)
	at clojure.lang.RestFn.applyTo(RestFn.java:137)
	at clojure.lang.Var.applyTo(Var.java:705)
	at clojure.main.main(main.java:40)
15:02:14.375 [main] INFO  com.zaxxer.hikari.HikariDataSource  - corona - Starting...
15:02:14.650 [main] INFO  com.zaxxer.hikari.HikariDataSource  - corona - Start completed.
15:02:14.717 [main] INFO  org.eclipse.jetty.util.log  - Logging initialized @3800ms to org.eclipse.jetty.util.log.Slf4jLog
15:02:15.010 [main] INFO  org.eclipse.jetty.server.Server  - jetty-9.4.18.v20190429; built: 2019-04-29T20:42:08.989Z; git: e1bc35120a6617ee3df052294e433f3a25ce7097; jvm 11.0.6+10-post-Ubuntu-1ubuntu119.10.1
15:02:15.044 [main] INFO  o.e.j.server.handler.ContextHandler  - Started o.e.j.s.ServletContextHandler@455da438{/,null,AVAILABLE}
15:02:15.059 [main] INFO  o.e.jetty.server.AbstractConnector  - Started ServerConnector@25fd6d1e{HTTP/1.1,[http/1.1, h2c]}{localhost:8080}
15:02:15.065 [main] INFO  org.eclipse.jetty.server.Server  - Started @4148ms
15:07:37.309 [qtp1978496274-30] INFO  io.pedestal.http  - {:msg "GET /", :line 80}
15:07:37.494 [qtp1978496274-27] INFO  io.pedestal.http  - {:msg "GET /favicon.ico", :line 80}
15:31:01.134 [qtp1978496274-32] INFO  io.pedestal.http  - {:msg "POST /postdata/20-10-22", :line 80}
15:31:01.436 [qtp1978496274-32] ERROR i.p.http.impl.servlet-interceptor  - {:msg "Dev interceptor caught an exception; Forwarding it as the response.", :line 314}
clojure.lang.ExceptionInfo: clojure.lang.ExceptionInfo in Interceptor  - Conversion failed
	at io.pedestal.interceptor.chain$throwable__GT_ex_info.invokeStatic(chain.clj:35)
	at io.pedestal.interceptor.chain$throwable__GT_ex_info.invoke(chain.clj:32)
	at io.pedestal.interceptor.chain$try_f.invokeStatic(chain.clj:57)
	at io.pedestal.interceptor.chain$try_f.invoke(chain.clj:44)
	at io.pedestal.interceptor.chain$process_all_with_binding.invokeStatic(chain.clj:171)
	at io.pedestal.interceptor.chain$process_all_with_binding.invoke(chain.clj:146)
	at io.pedestal.interceptor.chain$process_all$fn__10155.invoke(chain.clj:188)
	at clojure.lang.AFn.applyToHelper(AFn.java:152)
	at clojure.lang.AFn.applyTo(AFn.java:144)
	at clojure.core$apply.invokeStatic(core.clj:665)
	at clojure.core$with_bindings_STAR_.invokeStatic(core.clj:1973)
	at clojure.core$with_bindings_STAR_.doInvoke(core.clj:1973)
	at clojure.lang.RestFn.invoke(RestFn.java:425)
	at io.pedestal.interceptor.chain$process_all.invokeStatic(chain.clj:186)
	at io.pedestal.interceptor.chain$process_all.invoke(chain.clj:182)
	at io.pedestal.interceptor.chain$enter_all.invokeStatic(chain.clj:235)
	at io.pedestal.interceptor.chain$enter_all.invoke(chain.clj:229)
	at io.pedestal.interceptor.chain$execute.invokeStatic(chain.clj:379)
	at io.pedestal.interceptor.chain$execute.invoke(chain.clj:352)
	at io.pedestal.interceptor.chain$execute.invokeStatic(chain.clj:389)
	at io.pedestal.interceptor.chain$execute.invoke(chain.clj:352)
	at io.pedestal.http.impl.servlet_interceptor$interceptor_service_fn$fn__13633.invoke(servlet_interceptor.clj:351)
	at io.pedestal.http.servlet.FnServlet.service(servlet.clj:28)
	at org.eclipse.jetty.servlet.ServletHolder.handle(ServletHolder.java:873)
	at org.eclipse.jetty.servlet.ServletHandler.doHandle(ServletHandler.java:542)
	at org.eclipse.jetty.server.handler.ScopedHandler.nextHandle(ScopedHandler.java:255)
	at org.eclipse.jetty.server.handler.ContextHandler.doHandle(ContextHandler.java:1345)
	at org.eclipse.jetty.server.handler.ScopedHandler.nextScope(ScopedHandler.java:203)
	at org.eclipse.jetty.servlet.ServletHandler.doScope(ServletHandler.java:480)
	at org.eclipse.jetty.server.handler.ScopedHandler.nextScope(ScopedHandler.java:201)
	at org.eclipse.jetty.server.handler.ContextHandler.doScope(ContextHandler.java:1247)
	at org.eclipse.jetty.server.handler.ScopedHandler.handle(ScopedHandler.java:144)
	at org.eclipse.jetty.server.handler.HandlerWrapper.handle(HandlerWrapper.java:132)
	at org.eclipse.jetty.server.Server.handle(Server.java:505)
	at org.eclipse.jetty.server.HttpChannel.handle(HttpChannel.java:370)
	at org.eclipse.jetty.server.HttpConnection.onFillable(HttpConnection.java:267)
	at org.eclipse.jetty.io.AbstractConnection$ReadCallback.succeeded(AbstractConnection.java:305)
	at org.eclipse.jetty.io.FillInterest.fillable(FillInterest.java:103)
	at org.eclipse.jetty.io.ChannelEndPoint$2.run(ChannelEndPoint.java:117)
	at org.eclipse.jetty.util.thread.QueuedThreadPool.runJob(QueuedThreadPool.java:698)
	at org.eclipse.jetty.util.thread.QueuedThreadPool$Runner.run(QueuedThreadPool.java:804)
	at java.base/java.lang.Thread.run(Thread.java:834)
Caused by: clojure.lang.ExceptionInfo: Conversion failed
	at java_time.local$local_date$fn__15905.invoke(local.clj:12)
	at java_time.local$local_date.invokeStatic(local.clj:12)
	at java_time.local$local_date.invoke(local.clj:12)
	at java_time.convert$to_sql_date.invokeStatic(convert.clj:103)
	at java_time.convert$to_sql_date.invoke(convert.clj:96)
	at coronavirus_scrapper_api.postgresql$post_data.invokeStatic(postgresql.clj:93)
	at coronavirus_scrapper_api.postgresql$post_data.invoke(postgresql.clj:73)
	at coronavirus_scrapper_api.routes$post_data.invokeStatic(routes.clj:51)
	at coronavirus_scrapper_api.routes$post_data.invoke(routes.clj:43)
	at io.pedestal.interceptor$fn__1000$fn__1001.invoke(interceptor.clj:41)
	at io.pedestal.interceptor.chain$try_f.invokeStatic(chain.clj:54)
	... 39 common frames omitted
Caused by: java.time.format.DateTimeParseException: Text '20-10-22' could not be parsed at index 0
	at java.base/java.time.format.DateTimeFormatter.parseResolved0(DateTimeFormatter.java:2046)
	at java.base/java.time.format.DateTimeFormatter.parse(DateTimeFormatter.java:1948)
	at java.base/java.time.LocalDate.parse(LocalDate.java:428)
	at java.base/java.time.LocalDate.parse(LocalDate.java:413)
	at java_time.local$fn__16028.invokeStatic(local.clj:111)
	at java_time.local$fn__16028.invoke(local.clj:110)
	at clojure.lang.AFn.applyToHelper(AFn.java:154)
	at clojure.lang.AFn.applyTo(AFn.java:144)
	at clojure.core$apply.invokeStatic(core.clj:665)
	at clojure.core$apply.invoke(core.clj:660)
	at java_time.defconversion$combinations$iter__15403__15407$fn__15408$fn__15409$fn__15410.doInvoke(defconversion.clj:28)
	at clojure.lang.RestFn.applyTo(RestFn.java:137)
	at clojure.core$apply.invokeStatic(core.clj:665)
	at clojure.core$apply.invoke(core.clj:660)
	at java_time.defconversion$wrap_validation$fn__15400.invoke(defconversion.clj:21)
	... 50 common frames omitted
15:31:17.311 [qtp1978496274-31] INFO  io.pedestal.http  - {:msg "POST /postdata/2020-10-22", :line 80}
15:31:30.184 [qtp1978496274-26] INFO  io.pedestal.http  - {:msg "GET /", :line 80}
15:35:21.793 [main] INFO  com.zaxxer.hikari.HikariDataSource  - corona - Starting...
15:35:22.114 [main] INFO  com.zaxxer.hikari.HikariDataSource  - corona - Start completed.
15:35:22.174 [main] INFO  org.eclipse.jetty.util.log  - Logging initialized @4021ms to org.eclipse.jetty.util.log.Slf4jLog
15:35:22.437 [main] INFO  org.eclipse.jetty.server.Server  - jetty-9.4.18.v20190429; built: 2019-04-29T20:42:08.989Z; git: e1bc35120a6617ee3df052294e433f3a25ce7097; jvm 11.0.6+10-post-Ubuntu-1ubuntu119.10.1
15:35:22.475 [main] INFO  o.e.j.server.handler.ContextHandler  - Started o.e.j.s.ServletContextHandler@4756e5cc{/,null,AVAILABLE}
15:35:22.491 [main] INFO  o.e.jetty.server.AbstractConnector  - Started ServerConnector@782cc5fa{HTTP/1.1,[http/1.1, h2c]}{localhost:8080}
15:35:22.492 [main] INFO  org.eclipse.jetty.server.Server  - Started @4339ms
15:35:26.473 [qtp820959908-31] INFO  io.pedestal.http  - {:msg "GET /", :line 80}
15:36:43.754 [main] INFO  com.zaxxer.hikari.HikariDataSource  - corona - Starting...
15:36:44.001 [main] INFO  com.zaxxer.hikari.HikariDataSource  - corona - Start completed.
15:36:44.050 [main] INFO  org.eclipse.jetty.util.log  - Logging initialized @3737ms to org.eclipse.jetty.util.log.Slf4jLog
15:36:44.312 [main] INFO  org.eclipse.jetty.server.Server  - jetty-9.4.18.v20190429; built: 2019-04-29T20:42:08.989Z; git: e1bc35120a6617ee3df052294e433f3a25ce7097; jvm 11.0.6+10-post-Ubuntu-1ubuntu119.10.1
15:36:44.348 [main] INFO  o.e.j.server.handler.ContextHandler  - Started o.e.j.s.ServletContextHandler@4756e5cc{/,null,AVAILABLE}
15:36:44.361 [main] INFO  o.e.jetty.server.AbstractConnector  - Started ServerConnector@782cc5fa{HTTP/1.1,[http/1.1, h2c]}{localhost:8080}
15:36:44.361 [main] INFO  org.eclipse.jetty.server.Server  - Started @4048ms
15:37:15.509 [main] INFO  com.zaxxer.hikari.HikariDataSource  - corona - Starting...
15:37:15.762 [main] INFO  com.zaxxer.hikari.HikariDataSource  - corona - Start completed.
15:37:15.803 [main] INFO  org.eclipse.jetty.util.log  - Logging initialized @3654ms to org.eclipse.jetty.util.log.Slf4jLog
15:37:16.017 [main] INFO  org.eclipse.jetty.server.Server  - jetty-9.4.18.v20190429; built: 2019-04-29T20:42:08.989Z; git: e1bc35120a6617ee3df052294e433f3a25ce7097; jvm 11.0.6+10-post-Ubuntu-1ubuntu119.10.1
15:37:16.053 [main] INFO  o.e.j.server.handler.ContextHandler  - Started o.e.j.s.ServletContextHandler@4756e5cc{/,null,AVAILABLE}
15:37:16.070 [main] INFO  o.e.jetty.server.AbstractConnector  - Started ServerConnector@782cc5fa{HTTP/1.1,[http/1.1, h2c]}{localhost:8080}
15:37:16.071 [main] INFO  org.eclipse.jetty.server.Server  - Started @3921ms
15:37:22.840 [qtp820959908-29] INFO  io.pedestal.http  - {:msg "GET /latest", :line 80}
15:39:34.603 [qtp820959908-25] INFO  io.pedestal.http  - {:msg "GET /locations", :line 80}
15:43:30.083 [main] INFO  com.zaxxer.hikari.HikariDataSource  - corona - Starting...
15:43:30.341 [main] INFO  com.zaxxer.hikari.HikariDataSource  - corona - Start completed.
15:43:30.382 [main] INFO  org.eclipse.jetty.util.log  - Logging initialized @3696ms to org.eclipse.jetty.util.log.Slf4jLog
15:43:30.609 [main] INFO  org.eclipse.jetty.server.Server  - jetty-9.4.18.v20190429; built: 2019-04-29T20:42:08.989Z; git: e1bc35120a6617ee3df052294e433f3a25ce7097; jvm 11.0.6+10-post-Ubuntu-1ubuntu119.10.1
15:43:30.652 [main] INFO  o.e.j.server.handler.ContextHandler  - Started o.e.j.s.ServletContextHandler@2a425cf5{/,null,AVAILABLE}
15:43:30.673 [main] INFO  o.e.jetty.server.AbstractConnector  - Started ServerConnector@33215ffb{HTTP/1.1,[http/1.1, h2c]}{localhost:8080}
15:43:30.674 [main] INFO  org.eclipse.jetty.server.Server  - Started @3988ms
15:44:09.384 [qtp1934590743-28] INFO  io.pedestal.http  - {:msg "GET /latest", :line 80}
15:44:09.448 [qtp1934590743-28] ERROR i.p.http.impl.servlet-interceptor  - {:msg "Dev interceptor caught an exception; Forwarding it as the response.", :line 314}
clojure.lang.ExceptionInfo: org.postgresql.util.PSQLException in Interceptor  - ERROR: column "co.date" must appear in the GROUP BY clause or be used in an aggregate function
  Position: 9
	at io.pedestal.interceptor.chain$throwable__GT_ex_info.invokeStatic(chain.clj:35)
	at io.pedestal.interceptor.chain$throwable__GT_ex_info.invoke(chain.clj:32)
	at io.pedestal.interceptor.chain$try_f.invokeStatic(chain.clj:57)
	at io.pedestal.interceptor.chain$try_f.invoke(chain.clj:44)
	at io.pedestal.interceptor.chain$process_all_with_binding.invokeStatic(chain.clj:171)
	at io.pedestal.interceptor.chain$process_all_with_binding.invoke(chain.clj:146)
	at io.pedestal.interceptor.chain$process_all$fn__10155.invoke(chain.clj:188)
	at clojure.lang.AFn.applyToHelper(AFn.java:152)
	at clojure.lang.AFn.applyTo(AFn.java:144)
	at clojure.core$apply.invokeStatic(core.clj:665)
	at clojure.core$with_bindings_STAR_.invokeStatic(core.clj:1973)
	at clojure.core$with_bindings_STAR_.doInvoke(core.clj:1973)
	at clojure.lang.RestFn.invoke(RestFn.java:425)
	at io.pedestal.interceptor.chain$process_all.invokeStatic(chain.clj:186)
	at io.pedestal.interceptor.chain$process_all.invoke(chain.clj:182)
	at io.pedestal.interceptor.chain$enter_all.invokeStatic(chain.clj:235)
	at io.pedestal.interceptor.chain$enter_all.invoke(chain.clj:229)
	at io.pedestal.interceptor.chain$execute.invokeStatic(chain.clj:379)
	at io.pedestal.interceptor.chain$execute.invoke(chain.clj:352)
	at io.pedestal.interceptor.chain$execute.invokeStatic(chain.clj:389)
	at io.pedestal.interceptor.chain$execute.invoke(chain.clj:352)
	at io.pedestal.http.impl.servlet_interceptor$interceptor_service_fn$fn__13633.invoke(servlet_interceptor.clj:351)
	at io.pedestal.http.servlet.FnServlet.service(servlet.clj:28)
	at org.eclipse.jetty.servlet.ServletHolder.handle(ServletHolder.java:873)
	at org.eclipse.jetty.servlet.ServletHandler.doHandle(ServletHandler.java:542)
	at org.eclipse.jetty.server.handler.ScopedHandler.nextHandle(ScopedHandler.java:255)
	at org.eclipse.jetty.server.handler.ContextHandler.doHandle(ContextHandler.java:1345)
	at org.eclipse.jetty.server.handler.ScopedHandler.nextScope(ScopedHandler.java:203)
	at org.eclipse.jetty.servlet.ServletHandler.doScope(ServletHandler.java:480)
	at org.eclipse.jetty.server.handler.ScopedHandler.nextScope(ScopedHandler.java:201)
	at org.eclipse.jetty.server.handler.ContextHandler.doScope(ContextHandler.java:1247)
	at org.eclipse.jetty.server.handler.ScopedHandler.handle(ScopedHandler.java:144)
	at org.eclipse.jetty.server.handler.HandlerWrapper.handle(HandlerWrapper.java:132)
	at org.eclipse.jetty.server.Server.handle(Server.java:505)
	at org.eclipse.jetty.server.HttpChannel.handle(HttpChannel.java:370)
	at org.eclipse.jetty.server.HttpConnection.onFillable(HttpConnection.java:267)
	at org.eclipse.jetty.io.AbstractConnection$ReadCallback.succeeded(AbstractConnection.java:305)
	at org.eclipse.jetty.io.FillInterest.fillable(FillInterest.java:103)
	at org.eclipse.jetty.io.ChannelEndPoint$2.run(ChannelEndPoint.java:117)
	at org.eclipse.jetty.util.thread.QueuedThreadPool.runJob(QueuedThreadPool.java:698)
	at org.eclipse.jetty.util.thread.QueuedThreadPool$Runner.run(QueuedThreadPool.java:804)
	at java.base/java.lang.Thread.run(Thread.java:834)
Caused by: org.postgresql.util.PSQLException: ERROR: column "co.date" must appear in the GROUP BY clause or be used in an aggregate function
  Position: 9
	at org.postgresql.core.v3.QueryExecutorImpl.receiveErrorResponse(QueryExecutorImpl.java:2505)
	at org.postgresql.core.v3.QueryExecutorImpl.processResults(QueryExecutorImpl.java:2241)
	at org.postgresql.core.v3.QueryExecutorImpl.execute(QueryExecutorImpl.java:310)
	at org.postgresql.jdbc.PgStatement.executeInternal(PgStatement.java:447)
	at org.postgresql.jdbc.PgStatement.execute(PgStatement.java:368)
	at org.postgresql.jdbc.PgPreparedStatement.executeWithFlags(PgPreparedStatement.java:158)
	at org.postgresql.jdbc.PgPreparedStatement.executeQuery(PgPreparedStatement.java:108)
	at com.zaxxer.hikari.pool.ProxyPreparedStatement.executeQuery(ProxyPreparedStatement.java:52)
	at com.zaxxer.hikari.pool.HikariProxyPreparedStatement.executeQuery(HikariProxyPreparedStatement.java)
	at clojure.java.jdbc$execute_query_with_params.invokeStatic(jdbc.clj:1079)
	at clojure.java.jdbc$execute_query_with_params.invoke(jdbc.clj:1073)
	at clojure.java.jdbc$db_query_with_resultset_STAR_.invokeStatic(jdbc.clj:1095)
	at clojure.java.jdbc$db_query_with_resultset_STAR_.invoke(jdbc.clj:1082)
	at clojure.java.jdbc$query.invokeStatic(jdbc.clj:1171)
	at clojure.java.jdbc$query.invoke(jdbc.clj:1133)
	at clojure.java.jdbc$query.invokeStatic(jdbc.clj:1149)
	at clojure.java.jdbc$query.invoke(jdbc.clj:1133)
	at coronavirus_scrapper_api.postgresql$pool_query.invokeStatic(postgresql.clj:13)
	at coronavirus_scrapper_api.postgresql$pool_query.invoke(postgresql.clj:6)
	at coronavirus_scrapper_api.postgresql$get_latest.invokeStatic(postgresql.clj:31)
	at coronavirus_scrapper_api.postgresql$get_latest.invoke(postgresql.clj:29)
	at coronavirus_scrapper_api.routes$get_latest.invokeStatic(routes.clj:20)
	at coronavirus_scrapper_api.routes$get_latest.invoke(routes.clj:16)
	at io.pedestal.interceptor$fn__1000$fn__1001.invoke(interceptor.clj:41)
	at io.pedestal.interceptor.chain$try_f.invokeStatic(chain.clj:54)
	... 39 common frames omitted
15:44:41.400 [main] INFO  com.zaxxer.hikari.HikariDataSource  - corona - Starting...
15:44:41.651 [main] INFO  com.zaxxer.hikari.HikariDataSource  - corona - Start completed.
15:44:41.696 [main] INFO  org.eclipse.jetty.util.log  - Logging initialized @3847ms to org.eclipse.jetty.util.log.Slf4jLog
15:44:41.913 [main] INFO  org.eclipse.jetty.server.Server  - jetty-9.4.18.v20190429; built: 2019-04-29T20:42:08.989Z; git: e1bc35120a6617ee3df052294e433f3a25ce7097; jvm 11.0.6+10-post-Ubuntu-1ubuntu119.10.1
15:44:41.946 [main] INFO  o.e.j.server.handler.ContextHandler  - Started o.e.j.s.ServletContextHandler@2a425cf5{/,null,AVAILABLE}
15:44:41.966 [main] INFO  o.e.jetty.server.AbstractConnector  - Started ServerConnector@33215ffb{HTTP/1.1,[http/1.1, h2c]}{localhost:8080}
15:44:41.967 [main] INFO  org.eclipse.jetty.server.Server  - Started @4118ms
15:45:06.212 [qtp1934590743-29] INFO  io.pedestal.http  - {:msg "GET /latest", :line 80}
15:45:06.279 [qtp1934590743-29] ERROR i.p.http.impl.servlet-interceptor  - {:msg "Dev interceptor caught an exception; Forwarding it as the response.", :line 314}
clojure.lang.ExceptionInfo: org.postgresql.util.PSQLException in Interceptor  - ERROR: syntax error at or near "WHERE"
  Position: 186
	at io.pedestal.interceptor.chain$throwable__GT_ex_info.invokeStatic(chain.clj:35)
	at io.pedestal.interceptor.chain$throwable__GT_ex_info.invoke(chain.clj:32)
	at io.pedestal.interceptor.chain$try_f.invokeStatic(chain.clj:57)
	at io.pedestal.interceptor.chain$try_f.invoke(chain.clj:44)
	at io.pedestal.interceptor.chain$process_all_with_binding.invokeStatic(chain.clj:171)
	at io.pedestal.interceptor.chain$process_all_with_binding.invoke(chain.clj:146)
	at io.pedestal.interceptor.chain$process_all$fn__10155.invoke(chain.clj:188)
	at clojure.lang.AFn.applyToHelper(AFn.java:152)
	at clojure.lang.AFn.applyTo(AFn.java:144)
	at clojure.core$apply.invokeStatic(core.clj:665)
	at clojure.core$with_bindings_STAR_.invokeStatic(core.clj:1973)
	at clojure.core$with_bindings_STAR_.doInvoke(core.clj:1973)
	at clojure.lang.RestFn.invoke(RestFn.java:425)
	at io.pedestal.interceptor.chain$process_all.invokeStatic(chain.clj:186)
	at io.pedestal.interceptor.chain$process_all.invoke(chain.clj:182)
	at io.pedestal.interceptor.chain$enter_all.invokeStatic(chain.clj:235)
	at io.pedestal.interceptor.chain$enter_all.invoke(chain.clj:229)
	at io.pedestal.interceptor.chain$execute.invokeStatic(chain.clj:379)
	at io.pedestal.interceptor.chain$execute.invoke(chain.clj:352)
	at io.pedestal.interceptor.chain$execute.invokeStatic(chain.clj:389)
	at io.pedestal.interceptor.chain$execute.invoke(chain.clj:352)
	at io.pedestal.http.impl.servlet_interceptor$interceptor_service_fn$fn__13633.invoke(servlet_interceptor.clj:351)
	at io.pedestal.http.servlet.FnServlet.service(servlet.clj:28)
	at org.eclipse.jetty.servlet.ServletHolder.handle(ServletHolder.java:873)
	at org.eclipse.jetty.servlet.ServletHandler.doHandle(ServletHandler.java:542)
	at org.eclipse.jetty.server.handler.ScopedHandler.nextHandle(ScopedHandler.java:255)
	at org.eclipse.jetty.server.handler.ContextHandler.doHandle(ContextHandler.java:1345)
	at org.eclipse.jetty.server.handler.ScopedHandler.nextScope(ScopedHandler.java:203)
	at org.eclipse.jetty.servlet.ServletHandler.doScope(ServletHandler.java:480)
	at org.eclipse.jetty.server.handler.ScopedHandler.nextScope(ScopedHandler.java:201)
	at org.eclipse.jetty.server.handler.ContextHandler.doScope(ContextHandler.java:1247)
	at org.eclipse.jetty.server.handler.ScopedHandler.handle(ScopedHandler.java:144)
	at org.eclipse.jetty.server.handler.HandlerWrapper.handle(HandlerWrapper.java:132)
	at org.eclipse.jetty.server.Server.handle(Server.java:505)
	at org.eclipse.jetty.server.HttpChannel.handle(HttpChannel.java:370)
	at org.eclipse.jetty.server.HttpConnection.onFillable(HttpConnection.java:267)
	at org.eclipse.jetty.io.AbstractConnection$ReadCallback.succeeded(AbstractConnection.java:305)
	at org.eclipse.jetty.io.FillInterest.fillable(FillInterest.java:103)
	at org.eclipse.jetty.io.ChannelEndPoint$2.run(ChannelEndPoint.java:117)
	at org.eclipse.jetty.util.thread.QueuedThreadPool.runJob(QueuedThreadPool.java:698)
	at org.eclipse.jetty.util.thread.QueuedThreadPool$Runner.run(QueuedThreadPool.java:804)
	at java.base/java.lang.Thread.run(Thread.java:834)
Caused by: org.postgresql.util.PSQLException: ERROR: syntax error at or near "WHERE"
  Position: 186
	at org.postgresql.core.v3.QueryExecutorImpl.receiveErrorResponse(QueryExecutorImpl.java:2505)
	at org.postgresql.core.v3.QueryExecutorImpl.processResults(QueryExecutorImpl.java:2241)
	at org.postgresql.core.v3.QueryExecutorImpl.execute(QueryExecutorImpl.java:310)
	at org.postgresql.jdbc.PgStatement.executeInternal(PgStatement.java:447)
	at org.postgresql.jdbc.PgStatement.execute(PgStatement.java:368)
	at org.postgresql.jdbc.PgPreparedStatement.executeWithFlags(PgPreparedStatement.java:158)
	at org.postgresql.jdbc.PgPreparedStatement.executeQuery(PgPreparedStatement.java:108)
	at com.zaxxer.hikari.pool.ProxyPreparedStatement.executeQuery(ProxyPreparedStatement.java:52)
	at com.zaxxer.hikari.pool.HikariProxyPreparedStatement.executeQuery(HikariProxyPreparedStatement.java)
	at clojure.java.jdbc$execute_query_with_params.invokeStatic(jdbc.clj:1079)
	at clojure.java.jdbc$execute_query_with_params.invoke(jdbc.clj:1073)
	at clojure.java.jdbc$db_query_with_resultset_STAR_.invokeStatic(jdbc.clj:1095)
	at clojure.java.jdbc$db_query_with_resultset_STAR_.invoke(jdbc.clj:1082)
	at clojure.java.jdbc$query.invokeStatic(jdbc.clj:1171)
	at clojure.java.jdbc$query.invoke(jdbc.clj:1133)
	at clojure.java.jdbc$query.invokeStatic(jdbc.clj:1149)
	at clojure.java.jdbc$query.invoke(jdbc.clj:1133)
	at coronavirus_scrapper_api.postgresql$pool_query.invokeStatic(postgresql.clj:13)
	at coronavirus_scrapper_api.postgresql$pool_query.invoke(postgresql.clj:6)
	at coronavirus_scrapper_api.postgresql$get_latest.invokeStatic(postgresql.clj:31)
	at coronavirus_scrapper_api.postgresql$get_latest.invoke(postgresql.clj:29)
	at coronavirus_scrapper_api.routes$get_latest.invokeStatic(routes.clj:20)
	at coronavirus_scrapper_api.routes$get_latest.invoke(routes.clj:16)
	at io.pedestal.interceptor$fn__1000$fn__1001.invoke(interceptor.clj:41)
	at io.pedestal.interceptor.chain$try_f.invokeStatic(chain.clj:54)
	... 39 common frames omitted
15:45:33.760 [main] INFO  com.zaxxer.hikari.HikariDataSource  - corona - Starting...
15:45:34.020 [main] INFO  com.zaxxer.hikari.HikariDataSource  - corona - Start completed.
15:45:34.064 [main] INFO  org.eclipse.jetty.util.log  - Logging initialized @3866ms to org.eclipse.jetty.util.log.Slf4jLog
15:45:34.285 [main] INFO  org.eclipse.jetty.server.Server  - jetty-9.4.18.v20190429; built: 2019-04-29T20:42:08.989Z; git: e1bc35120a6617ee3df052294e433f3a25ce7097; jvm 11.0.6+10-post-Ubuntu-1ubuntu119.10.1
15:45:34.321 [main] INFO  o.e.j.server.handler.ContextHandler  - Started o.e.j.s.ServletContextHandler@2a425cf5{/,null,AVAILABLE}
15:45:34.336 [main] INFO  o.e.jetty.server.AbstractConnector  - Started ServerConnector@33215ffb{HTTP/1.1,[http/1.1, h2c]}{localhost:8080}
15:45:34.336 [main] INFO  org.eclipse.jetty.server.Server  - Started @4138ms
15:52:06.069 [qtp1934590743-29] INFO  io.pedestal.http  - {:msg "GET /latest", :line 80}
15:57:06.492 [main] INFO  com.zaxxer.hikari.HikariDataSource  - corona - Starting...
15:57:06.755 [main] INFO  com.zaxxer.hikari.HikariDataSource  - corona - Start completed.
15:57:06.800 [main] INFO  org.eclipse.jetty.util.log  - Logging initialized @3863ms to org.eclipse.jetty.util.log.Slf4jLog
15:57:07.040 [main] INFO  org.eclipse.jetty.server.Server  - jetty-9.4.18.v20190429; built: 2019-04-29T20:42:08.989Z; git: e1bc35120a6617ee3df052294e433f3a25ce7097; jvm 11.0.6+10-post-Ubuntu-1ubuntu119.10.1
15:57:07.080 [main] INFO  o.e.j.server.handler.ContextHandler  - Started o.e.j.s.ServletContextHandler@2a425cf5{/,null,AVAILABLE}
15:57:07.095 [main] INFO  o.e.jetty.server.AbstractConnector  - Started ServerConnector@33215ffb{HTTP/1.1,[http/1.1, h2c]}{localhost:8080}
15:57:07.095 [main] INFO  org.eclipse.jetty.server.Server  - Started @4158ms
15:57:30.482 [qtp1934590743-29] INFO  io.pedestal.http  - {:msg "GET /latest", :line 80}
16:08:05.643 [qtp1934590743-30] INFO  io.pedestal.http  - {:msg "GET /timelines", :line 80}
16:08:05.694 [qtp1934590743-24] INFO  io.pedestal.http  - {:msg "GET /favicon.ico", :line 80}
16:08:12.026 [qtp1934590743-28] INFO  io.pedestal.http  - {:msg "GET /get-locations", :line 80}
16:08:12.074 [qtp1934590743-25] INFO  io.pedestal.http  - {:msg "GET /favicon.ico", :line 80}
16:08:29.687 [qtp1934590743-29] INFO  io.pedestal.http  - {:msg "GET /locations", :line 80}
16:09:54.375 [qtp1934590743-28] INFO  io.pedestal.http  - {:msg "GET /locations&timelines=true", :line 80}
16:09:54.430 [qtp1934590743-30] INFO  io.pedestal.http  - {:msg "GET /favicon.ico", :line 80}
16:09:57.341 [qtp1934590743-29] INFO  io.pedestal.http  - {:msg "GET /locations", :line 80}
16:13:03.711 [qtp1934590743-30] INFO  io.pedestal.http  - {:msg "GET /locations", :line 80}
16:13:03.740 [qtp1934590743-30] ERROR i.p.http.impl.servlet-interceptor  - {:msg "Dev interceptor caught an exception; Forwarding it as the response.", :line 314}
clojure.lang.ExceptionInfo: org.postgresql.util.PSQLException in Interceptor  - ERROR: syntax error at or near "."
  Position: 125
	at io.pedestal.interceptor.chain$throwable__GT_ex_info.invokeStatic(chain.clj:35)
	at io.pedestal.interceptor.chain$throwable__GT_ex_info.invoke(chain.clj:32)
	at io.pedestal.interceptor.chain$try_f.invokeStatic(chain.clj:57)
	at io.pedestal.interceptor.chain$try_f.invoke(chain.clj:44)
	at io.pedestal.interceptor.chain$process_all_with_binding.invokeStatic(chain.clj:171)
	at io.pedestal.interceptor.chain$process_all_with_binding.invoke(chain.clj:146)
	at io.pedestal.interceptor.chain$process_all$fn__10155.invoke(chain.clj:188)
	at clojure.lang.AFn.applyToHelper(AFn.java:152)
	at clojure.lang.AFn.applyTo(AFn.java:144)
	at clojure.core$apply.invokeStatic(core.clj:665)
	at clojure.core$with_bindings_STAR_.invokeStatic(core.clj:1973)
	at clojure.core$with_bindings_STAR_.doInvoke(core.clj:1973)
	at clojure.lang.RestFn.invoke(RestFn.java:425)
	at io.pedestal.interceptor.chain$process_all.invokeStatic(chain.clj:186)
	at io.pedestal.interceptor.chain$process_all.invoke(chain.clj:182)
	at io.pedestal.interceptor.chain$enter_all.invokeStatic(chain.clj:235)
	at io.pedestal.interceptor.chain$enter_all.invoke(chain.clj:229)
	at io.pedestal.interceptor.chain$execute.invokeStatic(chain.clj:379)
	at io.pedestal.interceptor.chain$execute.invoke(chain.clj:352)
	at io.pedestal.interceptor.chain$execute.invokeStatic(chain.clj:389)
	at io.pedestal.interceptor.chain$execute.invoke(chain.clj:352)
	at io.pedestal.http.impl.servlet_interceptor$interceptor_service_fn$fn__13633.invoke(servlet_interceptor.clj:351)
	at io.pedestal.http.servlet.FnServlet.service(servlet.clj:28)
	at org.eclipse.jetty.servlet.ServletHolder.handle(ServletHolder.java:873)
	at org.eclipse.jetty.servlet.ServletHandler.doHandle(ServletHandler.java:542)
	at org.eclipse.jetty.server.handler.ScopedHandler.nextHandle(ScopedHandler.java:255)
	at org.eclipse.jetty.server.handler.ContextHandler.doHandle(ContextHandler.java:1345)
	at org.eclipse.jetty.server.handler.ScopedHandler.nextScope(ScopedHandler.java:203)
	at org.eclipse.jetty.servlet.ServletHandler.doScope(ServletHandler.java:480)
	at org.eclipse.jetty.server.handler.ScopedHandler.nextScope(ScopedHandler.java:201)
	at org.eclipse.jetty.server.handler.ContextHandler.doScope(ContextHandler.java:1247)
	at org.eclipse.jetty.server.handler.ScopedHandler.handle(ScopedHandler.java:144)
	at org.eclipse.jetty.server.handler.HandlerWrapper.handle(HandlerWrapper.java:132)
	at org.eclipse.jetty.server.Server.handle(Server.java:505)
	at org.eclipse.jetty.server.HttpChannel.handle(HttpChannel.java:370)
	at org.eclipse.jetty.server.HttpConnection.onFillable(HttpConnection.java:267)
	at org.eclipse.jetty.io.AbstractConnection$ReadCallback.succeeded(AbstractConnection.java:305)
	at org.eclipse.jetty.io.FillInterest.fillable(FillInterest.java:103)
	at org.eclipse.jetty.io.ChannelEndPoint$2.run(ChannelEndPoint.java:117)
	at org.eclipse.jetty.util.thread.QueuedThreadPool.runJob(QueuedThreadPool.java:698)
	at org.eclipse.jetty.util.thread.QueuedThreadPool$Runner.run(QueuedThreadPool.java:804)
	at java.base/java.lang.Thread.run(Thread.java:834)
Caused by: org.postgresql.util.PSQLException: ERROR: syntax error at or near "."
  Position: 125
	at org.postgresql.core.v3.QueryExecutorImpl.receiveErrorResponse(QueryExecutorImpl.java:2505)
	at org.postgresql.core.v3.QueryExecutorImpl.processResults(QueryExecutorImpl.java:2241)
	at org.postgresql.core.v3.QueryExecutorImpl.execute(QueryExecutorImpl.java:310)
	at org.postgresql.jdbc.PgStatement.executeInternal(PgStatement.java:447)
	at org.postgresql.jdbc.PgStatement.execute(PgStatement.java:368)
	at org.postgresql.jdbc.PgPreparedStatement.executeWithFlags(PgPreparedStatement.java:158)
	at org.postgresql.jdbc.PgPreparedStatement.executeQuery(PgPreparedStatement.java:108)
	at com.zaxxer.hikari.pool.ProxyPreparedStatement.executeQuery(ProxyPreparedStatement.java:52)
	at com.zaxxer.hikari.pool.HikariProxyPreparedStatement.executeQuery(HikariProxyPreparedStatement.java)
	at clojure.java.jdbc$execute_query_with_params.invokeStatic(jdbc.clj:1079)
	at clojure.java.jdbc$execute_query_with_params.invoke(jdbc.clj:1073)
	at clojure.java.jdbc$db_query_with_resultset_STAR_.invokeStatic(jdbc.clj:1095)
	at clojure.java.jdbc$db_query_with_resultset_STAR_.invoke(jdbc.clj:1082)
	at clojure.java.jdbc$query.invokeStatic(jdbc.clj:1171)
	at clojure.java.jdbc$query.invoke(jdbc.clj:1133)
	at clojure.java.jdbc$query.invokeStatic(jdbc.clj:1149)
	at clojure.java.jdbc$query.invoke(jdbc.clj:1133)
	at coronavirus_scrapper_api.postgresql$pool_query.invokeStatic(postgresql.clj:9)
	at coronavirus_scrapper_api.postgresql$pool_query.invoke(postgresql.clj:6)
	at coronavirus_scrapper_api.postgresql$get_locations.invokeStatic(postgresql.clj:59)
	at coronavirus_scrapper_api.postgresql$get_locations.invoke(postgresql.clj:45)
	at coronavirus_scrapper_api.routes$get_locations.invokeStatic(routes.clj:29)
	at coronavirus_scrapper_api.routes$get_locations.invoke(routes.clj:24)
	at io.pedestal.interceptor$fn__1000$fn__1001.invoke(interceptor.clj:41)
	at io.pedestal.interceptor.chain$try_f.invokeStatic(chain.clj:54)
	... 39 common frames omitted
16:13:07.796 [qtp1934590743-28] INFO  io.pedestal.http  - {:msg "GET /locations", :line 80}
16:13:07.807 [qtp1934590743-28] ERROR i.p.http.impl.servlet-interceptor  - {:msg "Dev interceptor caught an exception; Forwarding it as the response.", :line 314}
clojure.lang.ExceptionInfo: org.postgresql.util.PSQLException in Interceptor  - ERROR: syntax error at or near "."
  Position: 125
	at io.pedestal.interceptor.chain$throwable__GT_ex_info.invokeStatic(chain.clj:35)
	at io.pedestal.interceptor.chain$throwable__GT_ex_info.invoke(chain.clj:32)
	at io.pedestal.interceptor.chain$try_f.invokeStatic(chain.clj:57)
	at io.pedestal.interceptor.chain$try_f.invoke(chain.clj:44)
	at io.pedestal.interceptor.chain$process_all_with_binding.invokeStatic(chain.clj:171)
	at io.pedestal.interceptor.chain$process_all_with_binding.invoke(chain.clj:146)
	at io.pedestal.interceptor.chain$process_all$fn__10155.invoke(chain.clj:188)
	at clojure.lang.AFn.applyToHelper(AFn.java:152)
	at clojure.lang.AFn.applyTo(AFn.java:144)
	at clojure.core$apply.invokeStatic(core.clj:665)
	at clojure.core$with_bindings_STAR_.invokeStatic(core.clj:1973)
	at clojure.core$with_bindings_STAR_.doInvoke(core.clj:1973)
	at clojure.lang.RestFn.invoke(RestFn.java:425)
	at io.pedestal.interceptor.chain$process_all.invokeStatic(chain.clj:186)
	at io.pedestal.interceptor.chain$process_all.invoke(chain.clj:182)
	at io.pedestal.interceptor.chain$enter_all.invokeStatic(chain.clj:235)
	at io.pedestal.interceptor.chain$enter_all.invoke(chain.clj:229)
	at io.pedestal.interceptor.chain$execute.invokeStatic(chain.clj:379)
	at io.pedestal.interceptor.chain$execute.invoke(chain.clj:352)
	at io.pedestal.interceptor.chain$execute.invokeStatic(chain.clj:389)
	at io.pedestal.interceptor.chain$execute.invoke(chain.clj:352)
	at io.pedestal.http.impl.servlet_interceptor$interceptor_service_fn$fn__13633.invoke(servlet_interceptor.clj:351)
	at io.pedestal.http.servlet.FnServlet.service(servlet.clj:28)
	at org.eclipse.jetty.servlet.ServletHolder.handle(ServletHolder.java:873)
	at org.eclipse.jetty.servlet.ServletHandler.doHandle(ServletHandler.java:542)
	at org.eclipse.jetty.server.handler.ScopedHandler.nextHandle(ScopedHandler.java:255)
	at org.eclipse.jetty.server.handler.ContextHandler.doHandle(ContextHandler.java:1345)
	at org.eclipse.jetty.server.handler.ScopedHandler.nextScope(ScopedHandler.java:203)
	at org.eclipse.jetty.servlet.ServletHandler.doScope(ServletHandler.java:480)
	at org.eclipse.jetty.server.handler.ScopedHandler.nextScope(ScopedHandler.java:201)
	at org.eclipse.jetty.server.handler.ContextHandler.doScope(ContextHandler.java:1247)
	at org.eclipse.jetty.server.handler.ScopedHandler.handle(ScopedHandler.java:144)
	at org.eclipse.jetty.server.handler.HandlerWrapper.handle(HandlerWrapper.java:132)
	at org.eclipse.jetty.server.Server.handle(Server.java:505)
	at org.eclipse.jetty.server.HttpChannel.handle(HttpChannel.java:370)
	at org.eclipse.jetty.server.HttpConnection.onFillable(HttpConnection.java:267)
	at org.eclipse.jetty.io.AbstractConnection$ReadCallback.succeeded(AbstractConnection.java:305)
	at org.eclipse.jetty.io.FillInterest.fillable(FillInterest.java:103)
	at org.eclipse.jetty.io.ChannelEndPoint$2.run(ChannelEndPoint.java:117)
	at org.eclipse.jetty.util.thread.strategy.EatWhatYouKill.runTask(EatWhatYouKill.java:333)
	at org.eclipse.jetty.util.thread.strategy.EatWhatYouKill.doProduce(EatWhatYouKill.java:310)
	at org.eclipse.jetty.util.thread.strategy.EatWhatYouKill.tryProduce(EatWhatYouKill.java:168)
	at org.eclipse.jetty.util.thread.strategy.EatWhatYouKill.run(EatWhatYouKill.java:126)
	at org.eclipse.jetty.util.thread.ReservedThreadExecutor$ReservedThread.run(ReservedThreadExecutor.java:366)
	at org.eclipse.jetty.util.thread.QueuedThreadPool.runJob(QueuedThreadPool.java:698)
	at org.eclipse.jetty.util.thread.QueuedThreadPool$Runner.run(QueuedThreadPool.java:804)
	at java.base/java.lang.Thread.run(Thread.java:834)
Caused by: org.postgresql.util.PSQLException: ERROR: syntax error at or near "."
  Position: 125
	at org.postgresql.core.v3.QueryExecutorImpl.receiveErrorResponse(QueryExecutorImpl.java:2505)
	at org.postgresql.core.v3.QueryExecutorImpl.processResults(QueryExecutorImpl.java:2241)
	at org.postgresql.core.v3.QueryExecutorImpl.execute(QueryExecutorImpl.java:310)
	at org.postgresql.jdbc.PgStatement.executeInternal(PgStatement.java:447)
	at org.postgresql.jdbc.PgStatement.execute(PgStatement.java:368)
	at org.postgresql.jdbc.PgPreparedStatement.executeWithFlags(PgPreparedStatement.java:158)
	at org.postgresql.jdbc.PgPreparedStatement.executeQuery(PgPreparedStatement.java:108)
	at com.zaxxer.hikari.pool.ProxyPreparedStatement.executeQuery(ProxyPreparedStatement.java:52)
	at com.zaxxer.hikari.pool.HikariProxyPreparedStatement.executeQuery(HikariProxyPreparedStatement.java)
	at clojure.java.jdbc$execute_query_with_params.invokeStatic(jdbc.clj:1079)
	at clojure.java.jdbc$execute_query_with_params.invoke(jdbc.clj:1073)
	at clojure.java.jdbc$db_query_with_resultset_STAR_.invokeStatic(jdbc.clj:1095)
	at clojure.java.jdbc$db_query_with_resultset_STAR_.invoke(jdbc.clj:1082)
	at clojure.java.jdbc$query.invokeStatic(jdbc.clj:1171)
	at clojure.java.jdbc$query.invoke(jdbc.clj:1133)
	at clojure.java.jdbc$query.invokeStatic(jdbc.clj:1149)
	at clojure.java.jdbc$query.invoke(jdbc.clj:1133)
	at coronavirus_scrapper_api.postgresql$pool_query.invokeStatic(postgresql.clj:9)
	at coronavirus_scrapper_api.postgresql$pool_query.invoke(postgresql.clj:6)
	at coronavirus_scrapper_api.postgresql$get_locations.invokeStatic(postgresql.clj:59)
	at coronavirus_scrapper_api.postgresql$get_locations.invoke(postgresql.clj:45)
	at coronavirus_scrapper_api.routes$get_locations.invokeStatic(routes.clj:29)
	at coronavirus_scrapper_api.routes$get_locations.invoke(routes.clj:24)
	at io.pedestal.interceptor$fn__1000$fn__1001.invoke(interceptor.clj:41)
	at io.pedestal.interceptor.chain$try_f.invokeStatic(chain.clj:54)
	... 44 common frames omitted
16:13:14.497 [qtp1934590743-25] INFO  io.pedestal.http  - {:msg "GET /locations", :line 80}
16:13:14.509 [qtp1934590743-25] ERROR i.p.http.impl.servlet-interceptor  - {:msg "Dev interceptor caught an exception; Forwarding it as the response.", :line 314}
clojure.lang.ExceptionInfo: org.postgresql.util.PSQLException in Interceptor  - ERROR: syntax error at or near "."
  Position: 125
	at io.pedestal.interceptor.chain$throwable__GT_ex_info.invokeStatic(chain.clj:35)
	at io.pedestal.interceptor.chain$throwable__GT_ex_info.invoke(chain.clj:32)
	at io.pedestal.interceptor.chain$try_f.invokeStatic(chain.clj:57)
	at io.pedestal.interceptor.chain$try_f.invoke(chain.clj:44)
	at io.pedestal.interceptor.chain$process_all_with_binding.invokeStatic(chain.clj:171)
	at io.pedestal.interceptor.chain$process_all_with_binding.invoke(chain.clj:146)
	at io.pedestal.interceptor.chain$process_all$fn__10155.invoke(chain.clj:188)
	at clojure.lang.AFn.applyToHelper(AFn.java:152)
	at clojure.lang.AFn.applyTo(AFn.java:144)
	at clojure.core$apply.invokeStatic(core.clj:665)
	at clojure.core$with_bindings_STAR_.invokeStatic(core.clj:1973)
	at clojure.core$with_bindings_STAR_.doInvoke(core.clj:1973)
	at clojure.lang.RestFn.invoke(RestFn.java:425)
	at io.pedestal.interceptor.chain$process_all.invokeStatic(chain.clj:186)
	at io.pedestal.interceptor.chain$process_all.invoke(chain.clj:182)
	at io.pedestal.interceptor.chain$enter_all.invokeStatic(chain.clj:235)
	at io.pedestal.interceptor.chain$enter_all.invoke(chain.clj:229)
	at io.pedestal.interceptor.chain$execute.invokeStatic(chain.clj:379)
	at io.pedestal.interceptor.chain$execute.invoke(chain.clj:352)
	at io.pedestal.interceptor.chain$execute.invokeStatic(chain.clj:389)
	at io.pedestal.interceptor.chain$execute.invoke(chain.clj:352)
	at io.pedestal.http.impl.servlet_interceptor$interceptor_service_fn$fn__13633.invoke(servlet_interceptor.clj:351)
	at io.pedestal.http.servlet.FnServlet.service(servlet.clj:28)
	at org.eclipse.jetty.servlet.ServletHolder.handle(ServletHolder.java:873)
	at org.eclipse.jetty.servlet.ServletHandler.doHandle(ServletHandler.java:542)
	at org.eclipse.jetty.server.handler.ScopedHandler.nextHandle(ScopedHandler.java:255)
	at org.eclipse.jetty.server.handler.ContextHandler.doHandle(ContextHandler.java:1345)
	at org.eclipse.jetty.server.handler.ScopedHandler.nextScope(ScopedHandler.java:203)
	at org.eclipse.jetty.servlet.ServletHandler.doScope(ServletHandler.java:480)
	at org.eclipse.jetty.server.handler.ScopedHandler.nextScope(ScopedHandler.java:201)
	at org.eclipse.jetty.server.handler.ContextHandler.doScope(ContextHandler.java:1247)
	at org.eclipse.jetty.server.handler.ScopedHandler.handle(ScopedHandler.java:144)
	at org.eclipse.jetty.server.handler.HandlerWrapper.handle(HandlerWrapper.java:132)
	at org.eclipse.jetty.server.Server.handle(Server.java:505)
	at org.eclipse.jetty.server.HttpChannel.handle(HttpChannel.java:370)
	at org.eclipse.jetty.server.HttpConnection.onFillable(HttpConnection.java:267)
	at org.eclipse.jetty.io.AbstractConnection$ReadCallback.succeeded(AbstractConnection.java:305)
	at org.eclipse.jetty.io.FillInterest.fillable(FillInterest.java:103)
	at org.eclipse.jetty.io.ChannelEndPoint$2.run(ChannelEndPoint.java:117)
	at org.eclipse.jetty.util.thread.strategy.EatWhatYouKill.runTask(EatWhatYouKill.java:333)
	at org.eclipse.jetty.util.thread.strategy.EatWhatYouKill.doProduce(EatWhatYouKill.java:310)
	at org.eclipse.jetty.util.thread.strategy.EatWhatYouKill.tryProduce(EatWhatYouKill.java:168)
	at org.eclipse.jetty.util.thread.strategy.EatWhatYouKill.run(EatWhatYouKill.java:126)
	at org.eclipse.jetty.util.thread.ReservedThreadExecutor$ReservedThread.run(ReservedThreadExecutor.java:366)
	at org.eclipse.jetty.util.thread.QueuedThreadPool.runJob(QueuedThreadPool.java:698)
	at org.eclipse.jetty.util.thread.QueuedThreadPool$Runner.run(QueuedThreadPool.java:804)
	at java.base/java.lang.Thread.run(Thread.java:834)
Caused by: org.postgresql.util.PSQLException: ERROR: syntax error at or near "."
  Position: 125
	at org.postgresql.core.v3.QueryExecutorImpl.receiveErrorResponse(QueryExecutorImpl.java:2505)
	at org.postgresql.core.v3.QueryExecutorImpl.processResults(QueryExecutorImpl.java:2241)
	at org.postgresql.core.v3.QueryExecutorImpl.execute(QueryExecutorImpl.java:310)
	at org.postgresql.jdbc.PgStatement.executeInternal(PgStatement.java:447)
	at org.postgresql.jdbc.PgStatement.execute(PgStatement.java:368)
	at org.postgresql.jdbc.PgPreparedStatement.executeWithFlags(PgPreparedStatement.java:158)
	at org.postgresql.jdbc.PgPreparedStatement.executeQuery(PgPreparedStatement.java:108)
	at com.zaxxer.hikari.pool.ProxyPreparedStatement.executeQuery(ProxyPreparedStatement.java:52)
	at com.zaxxer.hikari.pool.HikariProxyPreparedStatement.executeQuery(HikariProxyPreparedStatement.java)
	at clojure.java.jdbc$execute_query_with_params.invokeStatic(jdbc.clj:1079)
	at clojure.java.jdbc$execute_query_with_params.invoke(jdbc.clj:1073)
	at clojure.java.jdbc$db_query_with_resultset_STAR_.invokeStatic(jdbc.clj:1095)
	at clojure.java.jdbc$db_query_with_resultset_STAR_.invoke(jdbc.clj:1082)
	at clojure.java.jdbc$query.invokeStatic(jdbc.clj:1171)
	at clojure.java.jdbc$query.invoke(jdbc.clj:1133)
	at clojure.java.jdbc$query.invokeStatic(jdbc.clj:1149)
	at clojure.java.jdbc$query.invoke(jdbc.clj:1133)
	at coronavirus_scrapper_api.postgresql$pool_query.invokeStatic(postgresql.clj:9)
	at coronavirus_scrapper_api.postgresql$pool_query.invoke(postgresql.clj:6)
	at coronavirus_scrapper_api.postgresql$get_locations.invokeStatic(postgresql.clj:59)
	at coronavirus_scrapper_api.postgresql$get_locations.invoke(postgresql.clj:45)
	at coronavirus_scrapper_api.routes$get_locations.invokeStatic(routes.clj:29)
	at coronavirus_scrapper_api.routes$get_locations.invoke(routes.clj:24)
	at io.pedestal.interceptor$fn__1000$fn__1001.invoke(interceptor.clj:41)
	at io.pedestal.interceptor.chain$try_f.invokeStatic(chain.clj:54)
	... 44 common frames omitted
16:13:29.365 [qtp1934590743-28] INFO  io.pedestal.http  - {:msg "GET /locations", :line 80}
16:13:29.371 [qtp1934590743-28] ERROR i.p.http.impl.servlet-interceptor  - {:msg "Dev interceptor caught an exception; Forwarding it as the response.", :line 314}
clojure.lang.ExceptionInfo: org.postgresql.util.PSQLException in Interceptor  - ERROR: syntax error at or near "."
  Position: 125
	at io.pedestal.interceptor.chain$throwable__GT_ex_info.invokeStatic(chain.clj:35)
	at io.pedestal.interceptor.chain$throwable__GT_ex_info.invoke(chain.clj:32)
	at io.pedestal.interceptor.chain$try_f.invokeStatic(chain.clj:57)
	at io.pedestal.interceptor.chain$try_f.invoke(chain.clj:44)
	at io.pedestal.interceptor.chain$process_all_with_binding.invokeStatic(chain.clj:171)
	at io.pedestal.interceptor.chain$process_all_with_binding.invoke(chain.clj:146)
	at io.pedestal.interceptor.chain$process_all$fn__10155.invoke(chain.clj:188)
	at clojure.lang.AFn.applyToHelper(AFn.java:152)
	at clojure.lang.AFn.applyTo(AFn.java:144)
	at clojure.core$apply.invokeStatic(core.clj:665)
	at clojure.core$with_bindings_STAR_.invokeStatic(core.clj:1973)
	at clojure.core$with_bindings_STAR_.doInvoke(core.clj:1973)
	at clojure.lang.RestFn.invoke(RestFn.java:425)
	at io.pedestal.interceptor.chain$process_all.invokeStatic(chain.clj:186)
	at io.pedestal.interceptor.chain$process_all.invoke(chain.clj:182)
	at io.pedestal.interceptor.chain$enter_all.invokeStatic(chain.clj:235)
	at io.pedestal.interceptor.chain$enter_all.invoke(chain.clj:229)
	at io.pedestal.interceptor.chain$execute.invokeStatic(chain.clj:379)
	at io.pedestal.interceptor.chain$execute.invoke(chain.clj:352)
	at io.pedestal.interceptor.chain$execute.invokeStatic(chain.clj:389)
	at io.pedestal.interceptor.chain$execute.invoke(chain.clj:352)
	at io.pedestal.http.impl.servlet_interceptor$interceptor_service_fn$fn__13633.invoke(servlet_interceptor.clj:351)
	at io.pedestal.http.servlet.FnServlet.service(servlet.clj:28)
	at org.eclipse.jetty.servlet.ServletHolder.handle(ServletHolder.java:873)
	at org.eclipse.jetty.servlet.ServletHandler.doHandle(ServletHandler.java:542)
	at org.eclipse.jetty.server.handler.ScopedHandler.nextHandle(ScopedHandler.java:255)
	at org.eclipse.jetty.server.handler.ContextHandler.doHandle(ContextHandler.java:1345)
	at org.eclipse.jetty.server.handler.ScopedHandler.nextScope(ScopedHandler.java:203)
	at org.eclipse.jetty.servlet.ServletHandler.doScope(ServletHandler.java:480)
	at org.eclipse.jetty.server.handler.ScopedHandler.nextScope(ScopedHandler.java:201)
	at org.eclipse.jetty.server.handler.ContextHandler.doScope(ContextHandler.java:1247)
	at org.eclipse.jetty.server.handler.ScopedHandler.handle(ScopedHandler.java:144)
	at org.eclipse.jetty.server.handler.HandlerWrapper.handle(HandlerWrapper.java:132)
	at org.eclipse.jetty.server.Server.handle(Server.java:505)
	at org.eclipse.jetty.server.HttpChannel.handle(HttpChannel.java:370)
	at org.eclipse.jetty.server.HttpConnection.onFillable(HttpConnection.java:267)
	at org.eclipse.jetty.io.AbstractConnection$ReadCallback.succeeded(AbstractConnection.java:305)
	at org.eclipse.jetty.io.FillInterest.fillable(FillInterest.java:103)
	at org.eclipse.jetty.io.ChannelEndPoint$2.run(ChannelEndPoint.java:117)
	at org.eclipse.jetty.util.thread.strategy.EatWhatYouKill.runTask(EatWhatYouKill.java:333)
	at org.eclipse.jetty.util.thread.strategy.EatWhatYouKill.doProduce(EatWhatYouKill.java:310)
	at org.eclipse.jetty.util.thread.strategy.EatWhatYouKill.tryProduce(EatWhatYouKill.java:168)
	at org.eclipse.jetty.util.thread.strategy.EatWhatYouKill.run(EatWhatYouKill.java:126)
	at org.eclipse.jetty.util.thread.ReservedThreadExecutor$ReservedThread.run(ReservedThreadExecutor.java:366)
	at org.eclipse.jetty.util.thread.QueuedThreadPool.runJob(QueuedThreadPool.java:698)
	at org.eclipse.jetty.util.thread.QueuedThreadPool$Runner.run(QueuedThreadPool.java:804)
	at java.base/java.lang.Thread.run(Thread.java:834)
Caused by: org.postgresql.util.PSQLException: ERROR: syntax error at or near "."
  Position: 125
	at org.postgresql.core.v3.QueryExecutorImpl.receiveErrorResponse(QueryExecutorImpl.java:2505)
	at org.postgresql.core.v3.QueryExecutorImpl.processResults(QueryExecutorImpl.java:2241)
	at org.postgresql.core.v3.QueryExecutorImpl.execute(QueryExecutorImpl.java:310)
	at org.postgresql.jdbc.PgStatement.executeInternal(PgStatement.java:447)
	at org.postgresql.jdbc.PgStatement.execute(PgStatement.java:368)
	at org.postgresql.jdbc.PgPreparedStatement.executeWithFlags(PgPreparedStatement.java:158)
	at org.postgresql.jdbc.PgPreparedStatement.executeQuery(PgPreparedStatement.java:108)
	at com.zaxxer.hikari.pool.ProxyPreparedStatement.executeQuery(ProxyPreparedStatement.java:52)
	at com.zaxxer.hikari.pool.HikariProxyPreparedStatement.executeQuery(HikariProxyPreparedStatement.java)
	at clojure.java.jdbc$execute_query_with_params.invokeStatic(jdbc.clj:1079)
	at clojure.java.jdbc$execute_query_with_params.invoke(jdbc.clj:1073)
	at clojure.java.jdbc$db_query_with_resultset_STAR_.invokeStatic(jdbc.clj:1095)
	at clojure.java.jdbc$db_query_with_resultset_STAR_.invoke(jdbc.clj:1082)
	at clojure.java.jdbc$query.invokeStatic(jdbc.clj:1171)
	at clojure.java.jdbc$query.invoke(jdbc.clj:1133)
	at clojure.java.jdbc$query.invokeStatic(jdbc.clj:1149)
	at clojure.java.jdbc$query.invoke(jdbc.clj:1133)
	at coronavirus_scrapper_api.postgresql$pool_query.invokeStatic(postgresql.clj:9)
	at coronavirus_scrapper_api.postgresql$pool_query.invoke(postgresql.clj:6)
	at coronavirus_scrapper_api.postgresql$get_locations.invokeStatic(postgresql.clj:59)
	at coronavirus_scrapper_api.postgresql$get_locations.invoke(postgresql.clj:45)
	at coronavirus_scrapper_api.routes$get_locations.invokeStatic(routes.clj:29)
	at coronavirus_scrapper_api.routes$get_locations.invoke(routes.clj:24)
	at io.pedestal.interceptor$fn__1000$fn__1001.invoke(interceptor.clj:41)
	at io.pedestal.interceptor.chain$try_f.invokeStatic(chain.clj:54)
	... 44 common frames omitted
16:14:22.775 [main] INFO  com.zaxxer.hikari.HikariDataSource  - corona - Starting...
16:14:23.072 [main] INFO  com.zaxxer.hikari.HikariDataSource  - corona - Start completed.
16:14:23.117 [main] INFO  org.eclipse.jetty.util.log  - Logging initialized @4173ms to org.eclipse.jetty.util.log.Slf4jLog
16:14:23.358 [main] INFO  org.eclipse.jetty.server.Server  - jetty-9.4.18.v20190429; built: 2019-04-29T20:42:08.989Z; git: e1bc35120a6617ee3df052294e433f3a25ce7097; jvm 11.0.6+10-post-Ubuntu-1ubuntu119.10.1
16:14:23.388 [main] INFO  o.e.j.server.handler.ContextHandler  - Started o.e.j.s.ServletContextHandler@2a425cf5{/,null,AVAILABLE}
16:14:23.400 [main] INFO  o.e.jetty.server.AbstractConnector  - Started ServerConnector@33215ffb{HTTP/1.1,[http/1.1, h2c]}{localhost:8080}
16:14:23.400 [main] INFO  org.eclipse.jetty.server.Server  - Started @4456ms
16:14:29.431 [qtp1934590743-28] INFO  io.pedestal.http  - {:msg "GET /locations", :line 80}
16:14:37.361 [qtp1934590743-24] INFO  io.pedestal.http  - {:msg "GET /locations", :line 80}
16:14:41.098 [qtp1934590743-27] INFO  io.pedestal.http  - {:msg "GET /locations", :line 80}
16:14:47.100 [qtp1934590743-29] INFO  io.pedestal.http  - {:msg "GET /locations", :line 80}
16:14:50.667 [qtp1934590743-27] INFO  io.pedestal.http  - {:msg "GET /locations", :line 80}
16:14:58.334 [qtp1934590743-29] INFO  io.pedestal.http  - {:msg "GET /locations", :line 80}
16:15:00.376 [qtp1934590743-27] INFO  io.pedestal.http  - {:msg "GET /locations", :line 80}
16:17:12.762 [main] INFO  com.zaxxer.hikari.HikariDataSource  - corona - Starting...
16:17:13.053 [main] INFO  com.zaxxer.hikari.HikariDataSource  - corona - Start completed.
16:17:13.104 [main] INFO  org.eclipse.jetty.util.log  - Logging initialized @3822ms to org.eclipse.jetty.util.log.Slf4jLog
16:17:13.344 [main] INFO  org.eclipse.jetty.server.Server  - jetty-9.4.18.v20190429; built: 2019-04-29T20:42:08.989Z; git: e1bc35120a6617ee3df052294e433f3a25ce7097; jvm 11.0.6+10-post-Ubuntu-1ubuntu119.10.1
16:17:13.378 [main] INFO  o.e.j.server.handler.ContextHandler  - Started o.e.j.s.ServletContextHandler@17d76ebb{/,null,AVAILABLE}
16:17:13.393 [main] INFO  o.e.jetty.server.AbstractConnector  - Started ServerConnector@6f289728{HTTP/1.1,[http/1.1, h2c]}{localhost:8080}
16:17:13.393 [main] INFO  org.eclipse.jetty.server.Server  - Started @4111ms
16:17:17.328 [qtp2111019038-30] INFO  io.pedestal.http  - {:msg "GET /locations", :line 80}
16:17:24.129 [qtp2111019038-26] INFO  io.pedestal.http  - {:msg "GET /locations", :line 80}
16:17:53.157 [main] INFO  com.zaxxer.hikari.HikariDataSource  - corona - Starting...
16:17:53.417 [main] INFO  com.zaxxer.hikari.HikariDataSource  - corona - Start completed.
16:17:53.479 [main] INFO  org.eclipse.jetty.util.log  - Logging initialized @3902ms to org.eclipse.jetty.util.log.Slf4jLog
16:17:53.691 [main] INFO  org.eclipse.jetty.server.Server  - jetty-9.4.18.v20190429; built: 2019-04-29T20:42:08.989Z; git: e1bc35120a6617ee3df052294e433f3a25ce7097; jvm 11.0.6+10-post-Ubuntu-1ubuntu119.10.1
16:17:53.726 [main] INFO  o.e.j.server.handler.ContextHandler  - Started o.e.j.s.ServletContextHandler@31693a86{/,null,AVAILABLE}
16:17:53.741 [main] INFO  o.e.jetty.server.AbstractConnector  - Started ServerConnector@27502e5c{HTTP/1.1,[http/1.1, h2c]}{localhost:8080}
16:17:53.741 [main] INFO  org.eclipse.jetty.server.Server  - Started @4165ms
16:25:41.378 [qtp615439557-28] INFO  io.pedestal.http  - {:msg "GET /locations", :line 80}
16:26:42.865 [main] INFO  com.zaxxer.hikari.HikariDataSource  - corona - Starting...
16:26:43.115 [main] INFO  com.zaxxer.hikari.HikariDataSource  - corona - Start completed.
16:26:43.162 [main] INFO  org.eclipse.jetty.util.log  - Logging initialized @3811ms to org.eclipse.jetty.util.log.Slf4jLog
16:26:43.380 [main] INFO  org.eclipse.jetty.server.Server  - jetty-9.4.18.v20190429; built: 2019-04-29T20:42:08.989Z; git: e1bc35120a6617ee3df052294e433f3a25ce7097; jvm 11.0.6+10-post-Ubuntu-1ubuntu119.10.1
16:26:43.411 [main] INFO  o.e.j.server.handler.ContextHandler  - Started o.e.j.s.ServletContextHandler@2a425cf5{/,null,AVAILABLE}
16:26:43.429 [main] INFO  o.e.jetty.server.AbstractConnector  - Started ServerConnector@33215ffb{HTTP/1.1,[http/1.1, h2c]}{localhost:8080}
16:26:43.429 [main] INFO  org.eclipse.jetty.server.Server  - Started @4079ms
